#
# A fatal error has been detected by the Java Runtime Environment:
#
#  EXCEPTION_ACCESS_VIOLATION (0xc0000005) at pc=0x000000005d38b7b0, pid=7172, tid=0x000000000000147c
#
# JRE version: OpenJDK Runtime Environment (8.0_242-b01) (build 1.8.0_242-release-1644-b01)
# Java VM: OpenJDK 64-Bit Server VM (25.242-b01 mixed mode windows-amd64 compressed oops)
# Problematic frame:
# V  [jvm.dll+0x8b7b0]
#
# Failed to write core dump. Minidumps are not enabled by default on client versions of Windows
#
# If you would like to submit a bug report, please visit:
#   
#

---------------  T H R E A D  ---------------

Current thread (0x0000000002a37000):  GCTaskThread [stack: 0x00000000125a0000,0x00000000126a0000] [id=5244]

siginfo: ExceptionCode=0xc0000005, reading address 0x000000030b1b9830

Registers:
RAX=0x0000000000000001, RBX=0x00000000fab9bf20, RCX=0x00000000fab9bf20, RDX=0x000000030b1b9828
RSP=0x000000001269f668, RBP=0x0000000000000000, RSI=0x0000000002b0b540, RDI=0x000000002180da70
R8 =0x0000000002b0b540, R9 =0x0000000000000009, R10=0x0000000000000008, R11=0x00000000fd12a2e0
R12=0x000000005d91ddd0, R13=0x0001656c61635379, R14=0x0000000000000000, R15=0x0000000002a376f0
RIP=0x000000005d38b7b0, EFLAGS=0x0000000000010206

Top of Stack: (sp=0x000000001269f668)
0x000000001269f668:   000000005d6d27b2 00000000f4849508
0x000000001269f678:   0000000000000005 0000000002b0b540
0x000000001269f688:   0000000002b0b540 00000000fd1222f0
0x000000001269f698:   0000000000001000 00000000f1869df8
0x000000001269f6a8:   000000001269f7d0 0000000000000000
0x000000001269f6b8:   0000000002a2df01 000000005d91ddd0
0x000000001269f6c8:   000000005d6d2b20 0000000085781564
0x000000001269f6d8:   0000000000000000 0000000002b0b540
0x000000001269f6e8:   000000002180da70 0000000085781564
0x000000001269f6f8:   000000005d6d34f5 0000000000000000
0x000000001269f708:   000000002fe42e40 0000000002a376e0
0x000000001269f718:   0000000002a2df20 000000005d91db78
0x000000001269f728:   000000005d4f30ad 0000000000000000
0x000000001269f738:   000000001269f7d0 000000002180d9b0
0x000000001269f748:   000000005d6d58a8 0000000002a21650
0x000000001269f758:   000000005d4f9622 0000000002a37000 

Instructions: (pc=0x000000005d38b7b0)
0x000000005d38b790:   1c 8f 1d 00 48 8b 9c 24 c0 00 00 00 48 81 c4 b0
0x000000005d38b7a0:   00 00 00 5d c3 cc cc cc cc cc cc cc cc cc cc cc
0x000000005d38b7b0:   44 8b 42 08 4c 8b ca 45 85 c0 7e 0e 41 f6 c0 01
0x000000005d38b7c0:   75 57 41 c1 f8 03 41 8b c0 c3 79 4d 80 3d 7e 97 


Register to memory mapping:

RAX=0x0000000000000001 is an unknown value
RBX=0x00000000fab9bf20 is an oop

[error occurred during error reporting (printing register info), id 0xc0000005]

Stack: [0x00000000125a0000,0x00000000126a0000],  sp=0x000000001269f668,  free space=1021k
Native frames: (J=compiled Java code, j=interpreted, Vv=VM code, C=native code)


---------------  P R O C E S S  ---------------

Java Threads: ( => current thread )
  0x0000000017763000 JavaThread "RMI TCP Connection(60)-127.0.0.1" daemon [_thread_in_native, id=8256, stack(0x0000000033a90000,0x0000000033b90000)]
  0x000000001775f000 JavaThread "WorkerExecutor Queue Thread 2" [_thread_blocked, id=8508, stack(0x0000000033890000,0x0000000033990000)]
  0x000000001d95e000 JavaThread "RMI TCP Connection(61)-127.0.0.1" daemon [_thread_in_native, id=8848, stack(0x0000000033790000,0x0000000033890000)]
  0x000000001d95d000 JavaThread "WorkerExecutor Queue" [_thread_blocked, id=8112, stack(0x0000000033590000,0x0000000033690000)]
  0x000000001d957000 JavaThread "Cache worker for Java compile cache (C:\Users\borja\AndroidStudioProjects\mvvmexample\.gradle\6.1.1\javaCompile)" [_thread_blocked, id=1984, stack(0x0000000033490000,0x0000000033590000)]
  0x000000001d956800 JavaThread "RMI TCP Connection(idle)" daemon [_thread_blocked, id=8388, stack(0x0000000033390000,0x0000000033490000)]
  0x000000002ce8b000 JavaThread "RMI TCP Connection(idle)" daemon [_thread_blocked, id=8496, stack(0x0000000033290000,0x0000000033390000)]
  0x000000002ce86800 JavaThread "Cache worker for execution history cache (C:\Users\borja\AndroidStudioProjects\mvvmexample\.gradle\6.1.1\executionHistory)" [_thread_blocked, id=1392, stack(0x0000000033090000,0x0000000033190000)]
  0x000000002ce85000 JavaThread "Execution worker for ':' Thread 3" [_thread_blocked, id=7004, stack(0x000000002e120000,0x000000002e220000)]
  0x000000002ce84800 JavaThread "Execution worker for ':' Thread 2" [_thread_blocked, id=448, stack(0x000000002a0b0000,0x000000002a1b0000)]
  0x000000002ce7f000 JavaThread "Execution worker for ':'" [_thread_blocked, id=8468, stack(0x0000000029cb0000,0x0000000029db0000)]
  0x000000001f4e5800 JavaThread "Cache worker for file content cache (C:\Users\borja\AndroidStudioProjects\mvvmexample\.gradle\6.1.1\fileContent)" [_thread_blocked, id=1192, stack(0x0000000029450000,0x0000000029550000)]
  0x000000001f4e5000 JavaThread "Cache worker for Build Output Cleanup Cache (C:\Users\borja\AndroidStudioProjects\mvvmexample\.gradle\buildOutputCleanup)" [_thread_blocked, id=4824, stack(0x0000000029150000,0x0000000029250000)]
  0x000000001f4e2000 JavaThread "Build operations Thread 4" [_thread_blocked, id=8576, stack(0x0000000028a50000,0x0000000028b50000)]
  0x000000001f4e4000 JavaThread "Build operations Thread 3" [_thread_blocked, id=8940, stack(0x0000000027500000,0x0000000027600000)]
  0x000000001f4e1000 JavaThread "Build operations Thread 2" [_thread_blocked, id=6400, stack(0x00000000255d0000,0x00000000256d0000)]
  0x000000001f4e3800 JavaThread "Build operations" [_thread_blocked, id=9188, stack(0x00000000240d0000,0x00000000241d0000)]
  0x0000000026765800 JavaThread "Cache worker for cache directory md-rule (C:\Users\borja\.gradle\caches\6.1.1\md-rule)" [_thread_blocked, id=1912, stack(0x00000000231d0000,0x00000000232d0000)]
  0x0000000026763800 JavaThread "Cache worker for cache directory md-supplier (C:\Users\borja\.gradle\caches\6.1.1\md-supplier)" [_thread_blocked, id=216, stack(0x0000000020a40000,0x0000000020b40000)]
  0x0000000026765000 JavaThread "Cache worker for file hash cache (C:\Users\borja\AndroidStudioProjects\mvvmexample\.gradle\6.1.1\fileHashes)" [_thread_blocked, id=2108, stack(0x000000001f900000,0x000000001fa00000)]
  0x0000000026761000 JavaThread "Cache worker for checksums cache (C:\Users\borja\AndroidStudioProjects\mvvmexample\.gradle\checksums)" [_thread_blocked, id=2232, stack(0x000000001f800000,0x000000001f900000)]
  0x0000000026762800 JavaThread "Thread-619" [_thread_blocked, id=4116, stack(0x000000001d2e0000,0x000000001d3e0000)]
  0x0000000026759000 JavaThread "Stdin handler" [_thread_blocked, id=4892, stack(0x000000001cce0000,0x000000001cde0000)]
  0x000000002675c800 JavaThread "Asynchronous log dispatcher for DefaultDaemonConnection: socket connection from /127.0.0.1:49805 to /127.0.0.1:50919" [_thread_blocked, id=6048, stack(0x000000001c9e0000,0x000000001cae0000)]
  0x000000002675c000 JavaThread "Cancel handler" [_thread_blocked, id=6288, stack(0x000000001c5e0000,0x000000001c6e0000)]
  0x000000002675d800 JavaThread "Handler for socket connection from /127.0.0.1:49805 to /127.0.0.1:50919" [_thread_in_native, id=8360, stack(0x000000001c4e0000,0x000000001c5e0000)]
  0x000000001d954000 JavaThread "Daemon worker Thread 21" [_thread_blocked, id=8260, stack(0x000000001c8e0000,0x000000001c9e0000)]
  0x000000001d959800 JavaThread "Daemon Thread 21" [_thread_blocked, id=7000, stack(0x0000000000bb0000,0x0000000000cb0000)]
  0x000000002675f800 JavaThread "RMI Reaper" [_thread_blocked, id=6540, stack(0x0000000029850000,0x0000000029950000)]
  0x0000000026758000 JavaThread "GC Daemon" daemon [_thread_blocked, id=8540, stack(0x0000000032990000,0x0000000032a90000)]
  0x000000001d953800 JavaThread "Cache worker for Java compile cache (C:\Users\borja\.gradle\caches\6.1.1\javaCompile)" [_thread_blocked, id=4176, stack(0x0000000029bb0000,0x0000000029cb0000)]
  0x000000001d95f800 JavaThread "RMI TCP Accept-0" daemon [_thread_in_native, id=1960, stack(0x0000000029db0000,0x0000000029eb0000)]
  0x000000001d95e800 JavaThread "RMI Scheduler(0)" daemon [_thread_blocked, id=5524, stack(0x0000000029550000,0x0000000029650000)]
  0x000000001f4e8800 JavaThread "Cache worker for file content cache (C:\Users\borja\.gradle\caches\6.1.1\fileContent)" [_thread_blocked, id=4208, stack(0x0000000024920000,0x0000000024a20000)]
  0x000000001f4ef800 JavaThread "Memory manager" [_thread_blocked, id=1820, stack(0x00000000241d0000,0x00000000242d0000)]
  0x000000001775e800 JavaThread "Cache worker for execution history cache (C:\Users\borja\.gradle\caches\6.1.1\executionHistory)" [_thread_blocked, id=7656, stack(0x0000000020d40000,0x0000000020e40000)]
  0x0000000017760000 JavaThread "Cache worker for file hash cache (C:\Users\borja\.gradle\caches\6.1.1\fileHashes)" [_thread_blocked, id=8008, stack(0x000000001d1e0000,0x000000001d2e0000)]
  0x0000000017760800 JavaThread "File lock request listener" [_thread_in_native, id=688, stack(0x000000001d0e0000,0x000000001d1e0000)]
  0x00000000197c5000 JavaThread "Cache worker for journal cache (C:\Users\borja\.gradle\caches\journal-1)" [_thread_blocked, id=3452, stack(0x000000001cfe0000,0x000000001d0e0000)]
  0x000000001b0ca800 JavaThread "Daemon periodic checks" [_thread_blocked, id=3036, stack(0x000000001c3e0000,0x000000001c4e0000)]
  0x000000001afd9000 JavaThread "Incoming local TCP Connector on port 49805" [_thread_in_native, id=4624, stack(0x000000001c170000,0x000000001c270000)]
  0x000000001b053800 JavaThread "Daemon health stats" [_thread_blocked, id=4580, stack(0x000000001be70000,0x000000001bf70000)]
  0x000000001779e800 JavaThread "Service Thread" daemon [_thread_blocked, id=6128, stack(0x00000000194d0000,0x00000000195d0000)]
  0x0000000017762000 JavaThread "C1 CompilerThread2" daemon [_thread_blocked, id=3440, stack(0x0000000018fd0000,0x00000000190d0000)]
  0x000000001774a800 JavaThread "C2 CompilerThread1" daemon [_thread_blocked, id=7480, stack(0x0000000018ed0000,0x0000000018fd0000)]
  0x0000000017741000 JavaThread "C2 CompilerThread0" daemon [_thread_blocked, id=3252, stack(0x0000000018dd0000,0x0000000018ed0000)]
  0x0000000017746000 JavaThread "Attach Listener" daemon [_thread_blocked, id=796, stack(0x0000000018cd0000,0x0000000018dd0000)]
  0x0000000017744800 JavaThread "Signal Dispatcher" daemon [_thread_blocked, id=5628, stack(0x0000000018bd0000,0x0000000018cd0000)]
  0x0000000002b1b000 JavaThread "Finalizer" daemon [_thread_blocked, id=5208, stack(0x00000000189b0000,0x0000000018ab0000)]
  0x0000000017729000 JavaThread "Reference Handler" daemon [_thread_blocked, id=2876, stack(0x00000000188b0000,0x00000000189b0000)]
  0x0000000002a1d800 JavaThread "main" [_thread_blocked, id=692, stack(0x00000000028f0000,0x00000000029f0000)]

Other Threads:
  0x0000000017706000 VMThread [stack: 0x00000000187b0000,0x00000000188b0000] [id=2980]
  0x0000000019108800 WatcherThread [stack: 0x00000000195d0000,0x00000000196d0000] [id=2948]

=>0x0000000002a37000 (exited) GCTaskThread [stack: 0x00000000125a0000,0x00000000126a0000] [id=5244]

VM state:at safepoint (normal execution)

VM Mutex/Monitor currently owned by a thread:  ([mutex/lock_event])
[0x0000000002a1c480] Threads_lock - owner thread: 0x0000000017706000
[0x0000000002a1c600] Heap_lock - owner thread: 0x000000001d954000

heap address: 0x0000000080000000, size: 2048 MB, Compressed Oops mode: 32-bit
Narrow klass base: 0x0000000000000000, Narrow klass shift: 3
Compressed class space size: 1073741824 Address: 0x0000000100000000

Heap:
 PSYoungGen      total 543232K, used 543118K [0x00000000d5580000, 0x0000000100000000, 0x0000000100000000)
  eden space 461312K, 100% used [0x00000000d5580000,0x00000000f1800000,0x00000000f1800000)
  from space 81920K, 99% used [0x00000000f1800000,0x00000000f67e3b28,0x00000000f6800000)
  to   space 123392K, 65% used [0x00000000f8780000,0x00000000fd6e22d8,0x0000000100000000)
 ParOldGen       total 202752K, used 89702K [0x0000000080000000, 0x000000008c600000, 0x00000000d5580000)
  object space 202752K, 44% used [0x0000000080000000,0x0000000085799a60,0x000000008c600000)
 Metaspace       used 143872K, capacity 157368K, committed 157616K, reserved 1185792K
  class space    used 18217K, capacity 20621K, committed 20656K, reserved 1048576K

Card table byte_map: [0x0000000011ee0000,0x00000000122f0000] byte_map_base: 0x0000000011ae0000

Marking Bits: (ParMarkBitMap*) 0x000000005dacf030
 Begin Bits: [0x00000000129a0000, 0x00000000149a0000)
 End Bits:   [0x00000000149a0000, 0x00000000169a0000)

Polling page: 0x0000000000cf0000

CodeCache: size=245760Kb used=113562Kb max_used=113567Kb free=132197Kb
 bounds [0x0000000002b20000, 0x0000000009ac0000, 0x0000000011b20000]
 total_blobs=31254 nmethods=30237 adapters=927
 compilation: enabled

Compilation events (10 events):
Event: 13392.625 Thread 0x000000001774a800 nmethod 41529 0x00000000092fc010 code [0x00000000092fc140, 0x00000000092fc1d8]
Event: 13392.628 Thread 0x000000001774a800 41530       4       com.android.tools.r8.r.n.w::a (69 bytes)
Event: 13392.761 Thread 0x000000001774a800 nmethod 41530 0x0000000009aa5950 code [0x0000000009aa5ca0, 0x0000000009aa86d0]
Event: 13392.783 Thread 0x000000001774a800 41531       4       com.android.tools.r8.u.a.i.e::b (608 bytes)
Event: 13392.814 Thread 0x0000000017741000 nmethod 41509 0x0000000009aac5d0 code [0x0000000009aac980, 0x0000000009ab00f0]
Event: 13392.825 Thread 0x0000000017741000 41532       4       com.android.tools.r8.u.a.i.e::a (19 bytes)
Event: 13392.828 Thread 0x0000000017741000 nmethod 41532 0x0000000009a86150 code [0x0000000009a862a0, 0x0000000009a863b8]
Event: 13392.828 Thread 0x0000000017741000 41533       4       com.android.tools.r8.dex.r$$Lambda$969/180045344::accept (20 bytes)
Event: 13392.830 Thread 0x0000000017762000 41534       3       com.android.tools.r8.ir.regalloc.a::a (329 bytes)
Event: 13392.835 Thread 0x0000000017762000 nmethod 41534 0x0000000009aa0c90 code [0x0000000009aa1120, 0x0000000009aa3cf8]

GC Heap History (10 events):
Event: 13378.570 GC heap after
Heap after GC invocations=66 (full 7):
 PSYoungGen      total 616960K, used 66431K [0x00000000d5580000, 0x0000000100000000, 0x0000000100000000)
  eden space 550400K, 0% used [0x00000000d5580000,0x00000000d5580000,0x00000000f6f00000)
  from space 66560K, 99% used [0x00000000f6f00000,0x00000000fafdfd98,0x00000000fb000000)
  to   space 81408K, 0% used [0x00000000fb080000,0x00000000fb080000,0x0000000100000000)
 ParOldGen       total 202752K, used 49436K [0x0000000080000000, 0x000000008c600000, 0x00000000d5580000)
  object space 202752K, 24% used [0x0000000080000000,0x0000000083047138,0x000000008c600000)
 Metaspace       used 143445K, capacity 156892K, committed 157104K, reserved 1185792K
  class space    used 18161K, capacity 20561K, committed 20656K, reserved 1048576K
}
Event: 13381.578 GC heap before
{Heap before GC invocations=67 (full 7):
 PSYoungGen      total 616960K, used 616831K [0x00000000d5580000, 0x0000000100000000, 0x0000000100000000)
  eden space 550400K, 100% used [0x00000000d5580000,0x00000000f6f00000,0x00000000f6f00000)
  from space 66560K, 99% used [0x00000000f6f00000,0x00000000fafdfd98,0x00000000fb000000)
  to   space 81408K, 0% used [0x00000000fb080000,0x00000000fb080000,0x0000000100000000)
 ParOldGen       total 202752K, used 49436K [0x0000000080000000, 0x000000008c600000, 0x00000000d5580000)
  object space 202752K, 24% used [0x0000000080000000,0x0000000083047138,0x000000008c600000)
 Metaspace       used 143532K, capacity 156978K, committed 157104K, reserved 1185792K
  class space    used 18166K, capacity 20564K, committed 20656K, reserved 1048576K
Event: 13384.398 GC heap after
Heap after GC invocations=67 (full 7):
 PSYoungGen      total 574464K, used 81388K [0x00000000d5580000, 0x0000000100000000, 0x0000000100000000)
  eden space 493056K, 0% used [0x00000000d5580000,0x00000000d5580000,0x00000000f3700000)
  from space 81408K, 99% used [0x00000000fb080000,0x00000000ffffb250,0x0000000100000000)
  to   space 102912K, 0% used [0x00000000f3700000,0x00000000f3700000,0x00000000f9b80000)
 ParOldGen       total 202752K, used 75596K [0x0000000080000000, 0x000000008c600000, 0x00000000d5580000)
  object space 202752K, 37% used [0x0000000080000000,0x00000000849d3068,0x000000008c600000)
 Metaspace       used 143532K, capacity 156978K, committed 157104K, reserved 1185792K
  class space    used 18166K, capacity 20564K, committed 20656K, reserved 1048576K
}
Event: 13386.324 GC heap before
{Heap before GC invocations=68 (full 7):
 PSYoungGen      total 574464K, used 574444K [0x00000000d5580000, 0x0000000100000000, 0x0000000100000000)
  eden space 493056K, 100% used [0x00000000d5580000,0x00000000f3700000,0x00000000f3700000)
  from space 81408K, 99% used [0x00000000fb080000,0x00000000ffffb250,0x0000000100000000)
  to   space 102912K, 0% used [0x00000000f3700000,0x00000000f3700000,0x00000000f9b80000)
 ParOldGen       total 202752K, used 75596K [0x0000000080000000, 0x000000008c600000, 0x00000000d5580000)
  object space 202752K, 37% used [0x0000000080000000,0x00000000849d3068,0x000000008c600000)
 Metaspace       used 143616K, capacity 157046K, committed 157360K, reserved 1185792K
  class space    used 18178K, capacity 20564K, committed 20656K, reserved 1048576K
Event: 13386.554 GC heap after
Heap after GC invocations=68 (full 7):
 PSYoungGen      total 577536K, used 84293K [0x00000000d5580000, 0x0000000100000000, 0x0000000100000000)
  eden space 493056K, 0% used [0x00000000d5580000,0x00000000d5580000,0x00000000f3700000)
  from space 84480K, 99% used [0x00000000f3700000,0x00000000f8951788,0x00000000f8980000)
  to   space 112128K, 0% used [0x00000000f9280000,0x00000000f9280000,0x0000000100000000)
 ParOldGen       total 202752K, used 81499K [0x0000000080000000, 0x000000008c600000, 0x00000000d5580000)
  object space 202752K, 40% used [0x0000000080000000,0x0000000084f96f98,0x000000008c600000)
 Metaspace       used 143616K, capacity 157046K, committed 157360K, reserved 1185792K
  class space    used 18178K, capacity 20564K, committed 20656K, reserved 1048576K
}
Event: 13389.036 GC heap before
{Heap before GC invocations=69 (full 7):
 PSYoungGen      total 577536K, used 577349K [0x00000000d5580000, 0x0000000100000000, 0x0000000100000000)
  eden space 493056K, 100% used [0x00000000d5580000,0x00000000f3700000,0x00000000f3700000)
  from space 84480K, 99% used [0x00000000f3700000,0x00000000f8951788,0x00000000f8980000)
  to   space 112128K, 0% used [0x00000000f9280000,0x00000000f9280000,0x0000000100000000)
 ParOldGen       total 202752K, used 81499K [0x0000000080000000, 0x000000008c600000, 0x00000000d5580000)
  object space 202752K, 40% used [0x0000000080000000,0x0000000084f96f98,0x000000008c600000)
 Metaspace       used 143851K, capacity 157358K, committed 157616K, reserved 1185792K
  class space    used 18216K, capacity 20620K, committed 20656K, reserved 1048576K
Event: 13389.221 GC heap after
Heap after GC invocations=69 (full 7):
 PSYoungGen      total 573440K, used 84029K [0x00000000d5580000, 0x0000000100000000, 0x0000000100000000)
  eden space 461312K, 0% used [0x00000000d5580000,0x00000000d5580000,0x00000000f1800000)
  from space 112128K, 74% used [0x00000000f9280000,0x00000000fe48f558,0x0000000100000000)
  to   space 118784K, 0% used [0x00000000f1800000,0x00000000f1800000,0x00000000f8c00000)
 ParOldGen       total 202752K, used 83886K [0x0000000080000000, 0x000000008c600000, 0x00000000d5580000)
  object space 202752K, 41% used [0x0000000080000000,0x00000000851ebbc0,0x000000008c600000)
 Metaspace       used 143851K, capacity 157358K, committed 157616K, reserved 1185792K
  class space    used 18216K, capacity 20620K, committed 20656K, reserved 1048576K
}
Event: 13390.763 GC heap before
{Heap before GC invocations=70 (full 7):
 PSYoungGen      total 573440K, used 545341K [0x00000000d5580000, 0x0000000100000000, 0x0000000100000000)
  eden space 461312K, 100% used [0x00000000d5580000,0x00000000f1800000,0x00000000f1800000)
  from space 112128K, 74% used [0x00000000f9280000,0x00000000fe48f558,0x0000000100000000)
  to   space 118784K, 0% used [0x00000000f1800000,0x00000000f1800000,0x00000000f8c00000)
 ParOldGen       total 202752K, used 83886K [0x0000000080000000, 0x000000008c600000, 0x00000000d5580000)
  object space 202752K, 41% used [0x0000000080000000,0x00000000851ebbc0,0x000000008c600000)
 Metaspace       used 143855K, capacity 157362K, committed 157616K, reserved 1185792K
  class space    used 18216K, capacity 20620K, committed 20656K, reserved 1048576K
Event: 13391.361 GC heap after
Heap after GC invocations=70 (full 7):
 PSYoungGen      total 543232K, used 81806K [0x00000000d5580000, 0x0000000100000000, 0x0000000100000000)
  eden space 461312K, 0% used [0x00000000d5580000,0x00000000d5580000,0x00000000f1800000)
  from space 81920K, 99% used [0x00000000f1800000,0x00000000f67e3b28,0x00000000f6800000)
  to   space 123392K, 0% used [0x00000000f8780000,0x00000000f8780000,0x0000000100000000)
 ParOldGen       total 202752K, used 88642K [0x0000000080000000, 0x000000008c600000, 0x00000000d5580000)
  object space 202752K, 43% used [0x0000000080000000,0x0000000085690a30,0x000000008c600000)
 Metaspace       used 143855K, capacity 157362K, committed 157616K, reserved 1185792K
  class space    used 18216K, capacity 20620K, committed 20656K, reserved 1048576K
}
Event: 13392.906 GC heap before
{Heap before GC invocations=71 (full 7):
 PSYoungGen      total 543232K, used 543118K [0x00000000d5580000, 0x0000000100000000, 0x0000000100000000)
  eden space 461312K, 100% used [0x00000000d5580000,0x00000000f1800000,0x00000000f1800000)
  from space 81920K, 99% used [0x00000000f1800000,0x00000000f67e3b28,0x00000000f6800000)
  to   space 123392K, 0% used [0x00000000f8780000,0x00000000f8780000,0x0000000100000000)
 ParOldGen       total 202752K, used 88642K [0x0000000080000000, 0x000000008c600000, 0x00000000d5580000)
  object space 202752K, 43% used [0x0000000080000000,0x0000000085690a30,0x000000008c600000)
 Metaspace       used 143872K, capacity 157368K, committed 157616K, reserved 1185792K
  class space    used 18217K, capacity 20621K, committed 20656K, reserved 1048576K

Deoptimization events (10 events):
Event: 13390.027 Thread 0x000000002ce85000 Uncommon trap: reason=class_check action=maybe_recompile pc=0x0000000006828e44 method=com.android.tools.r8.u.b.m1.a(Lcom/android/tools/r8/u/b/p1;)Lcom/android/tools/r8/ir/analysis/type/u; @ 230
Event: 13390.708 Thread 0x000000002ce84800 Uncommon trap: reason=speculate_class_check action=maybe_recompile pc=0x0000000009a76be8 method=com.android.tools.r8.graph.u0$b.a()V @ 744
Event: 13390.758 Thread 0x000000002ce84800 Uncommon trap: reason=speculate_class_check action=maybe_recompile pc=0x0000000009a76be8 method=com.android.tools.r8.graph.u0$b.a()V @ 744
Event: 13391.390 Thread 0x000000002ce85000 Uncommon trap: reason=speculate_class_check action=maybe_recompile pc=0x0000000009a76be8 method=com.android.tools.r8.graph.u0$b.a()V @ 744
Event: 13391.411 Thread 0x000000002ce84800 Uncommon trap: reason=speculate_class_check action=maybe_recompile pc=0x0000000009a76be8 method=com.android.tools.r8.graph.u0$b.a()V @ 744
Event: 13391.534 Thread 0x000000002ce7f000 Uncommon trap: reason=array_check action=maybe_recompile pc=0x0000000009a3bc04 method=com.android.tools.r8.s.a.a.b.i2.a(I[Ljava/util/Map$Entry;)Lcom/android/tools/r8/s/a/a/b/i2; @ 187
Event: 13391.562 Thread 0x000000002ce7f000 Uncommon trap: reason=array_check action=maybe_recompile pc=0x0000000009a3bc04 method=com.android.tools.r8.s.a.a.b.i2.a(I[Ljava/util/Map$Entry;)Lcom/android/tools/r8/s/a/a/b/i2; @ 187
Event: 13391.588 Thread 0x000000002ce84800 Uncommon trap: reason=array_check action=maybe_recompile pc=0x0000000009a3bc04 method=com.android.tools.r8.s.a.a.b.i2.a(I[Ljava/util/Map$Entry;)Lcom/android/tools/r8/s/a/a/b/i2; @ 187
Event: 13391.615 Thread 0x000000001d954000 Uncommon trap: reason=array_check action=maybe_recompile pc=0x0000000009a3bc04 method=com.android.tools.r8.s.a.a.b.i2.a(I[Ljava/util/Map$Entry;)Lcom/android/tools/r8/s/a/a/b/i2; @ 187
Event: 13392.782 Thread 0x000000001d954000 Uncommon trap: reason=class_check action=maybe_recompile pc=0x000000000631c9dc method=com.android.tools.r8.u.a.i.e.b(Lcom/android/tools/r8/u/b/h0;)V @ 379

Classes redefined (0 events):
No events

Internal exceptions (10 events):
Event: 13385.647 Thread 0x000000001d954000 Exception <a 'sun/nio/fs/WindowsException'> (0x00000000e2ec9f18) thrown at [C:\src\AOSP-openjdk-git\hotspot\src\share\vm\prims\jni.cpp, line 710]
Event: 13385.796 Thread 0x000000001d954000 Exception <a 'sun/nio/fs/WindowsException'> (0x00000000e5b64a30) thrown at [C:\src\AOSP-openjdk-git\hotspot\src\share\vm\prims\jni.cpp, line 710]
Event: 13385.966 Thread 0x000000001d954000 Exception <a 'sun/nio/fs/WindowsException'> (0x00000000eadbaec8) thrown at [C:\src\AOSP-openjdk-git\hotspot\src\share\vm\prims\jni.cpp, line 710]
Event: 13386.018 Thread 0x000000001d954000 Exception <a 'sun/nio/fs/WindowsException'> (0x00000000eba5ad20) thrown at [C:\src\AOSP-openjdk-git\hotspot\src\share\vm\prims\jni.cpp, line 710]
Event: 13386.147 Thread 0x000000001d954000 Exception <a 'sun/nio/fs/WindowsException'> (0x00000000efd11a28) thrown at [C:\src\AOSP-openjdk-git\hotspot\src\share\vm\prims\jni.cpp, line 710]
Event: 13386.672 Thread 0x000000001d954000 Implicit null exception at 0x00000000098c9e09 to 0x00000000098cafed
Event: 13387.566 Thread 0x000000001d954000 Exception <a 'sun/nio/fs/WindowsException'> (0x00000000e75f8120) thrown at [C:\src\AOSP-openjdk-git\hotspot\src\share\vm\prims\jni.cpp, line 710]
Event: 13388.483 Thread 0x000000001d954000 Exception <a 'sun/nio/fs/WindowsException'> (0x00000000ef6d8e68) thrown at [C:\src\AOSP-openjdk-git\hotspot\src\share\vm\prims\jni.cpp, line 710]
Event: 13392.198 Thread 0x000000001d954000 Exception <a 'sun/nio/fs/WindowsException'> (0x00000000e0ced6c8) thrown at [C:\src\AOSP-openjdk-git\hotspot\src\share\vm\prims\jni.cpp, line 710]
Event: 13392.322 Thread 0x000000001d954000 Exception <a 'sun/nio/fs/WindowsException'> (0x00000000e4889558) thrown at [C:\src\AOSP-openjdk-git\hotspot\src\share\vm\prims\jni.cpp, line 710]

Events (10 events):
Event: 13391.588 Thread 0x000000002ce84800 DEOPT UNPACKING pc=0x0000000002b6557b sp=0x000000002a1ac618 mode 2
Event: 13391.615 Thread 0x000000001d954000 Uncommon trap: trap_request=0xffffffd6 fr.pc=0x0000000009a3bc04
Event: 13391.617 Thread 0x000000001d954000 DEOPT PACKING pc=0x0000000009a3bc04 sp=0x000000001c9da620
Event: 13391.617 Thread 0x000000001d954000 DEOPT UNPACKING pc=0x0000000002b6557b sp=0x000000001c9da5a8 mode 2
Event: 13392.520 Executing VM operation: BulkRevokeBias
Event: 13392.526 Executing VM operation: BulkRevokeBias done
Event: 13392.782 Thread 0x000000001d954000 Uncommon trap: trap_request=0xffffffde fr.pc=0x000000000631c9dc
Event: 13392.782 Thread 0x000000001d954000 DEOPT PACKING pc=0x000000000631c9dc sp=0x000000001c9da8d0
Event: 13392.782 Thread 0x000000001d954000 DEOPT UNPACKING pc=0x0000000002b6557b sp=0x000000001c9da8b8 mode 2
Event: 13392.891 Executing VM operation: ParallelGCFailedAllocation


Dynamic libraries:
0x00007ff7285e0000 - 0x00007ff728611000 	C:\Program Files\Android\Android Studio\jre\bin\java.exe
0x00007ffd77700000 - 0x00007ffd778f0000 	C:\Windows\SYSTEM32\ntdll.dll
0x00007ffd75b70000 - 0x00007ffd75c22000 	C:\Windows\System32\KERNEL32.DLL
0x00007ffd74a30000 - 0x00007ffd74cd4000 	C:\Windows\System32\KERNELBASE.dll
0x00007ffd76720000 - 0x00007ffd767c3000 	C:\Windows\System32\ADVAPI32.dll
0x00007ffd76c50000 - 0x00007ffd76cee000 	C:\Windows\System32\msvcrt.dll
0x00007ffd76ae0000 - 0x00007ffd76b77000 	C:\Windows\System32\sechost.dll
0x00007ffd75c30000 - 0x00007ffd75d50000 	C:\Windows\System32\RPCRT4.dll
0x00007ffd75ed0000 - 0x00007ffd76064000 	C:\Windows\System32\USER32.dll
0x00007ffd74920000 - 0x00007ffd74941000 	C:\Windows\System32\win32u.dll
0x00007ffd766f0000 - 0x00007ffd76716000 	C:\Windows\System32\GDI32.dll
0x00007ffd746b0000 - 0x00007ffd74845000 	C:\Windows\System32\gdi32full.dll
0x00007ffd74f90000 - 0x00007ffd7502e000 	C:\Windows\System32\msvcp_win.dll
0x00007ffd74e90000 - 0x00007ffd74f8a000 	C:\Windows\System32\ucrtbase.dll
0x00007ffd6cee0000 - 0x00007ffd6d164000 	C:\Windows\WinSxS\amd64_microsoft.windows.common-controls_6595b64144ccf1df_6.0.18362.900_none_e6beb9d913147d17\COMCTL32.dll
0x00007ffd75830000 - 0x00007ffd75b65000 	C:\Windows\System32\combase.dll
0x00007ffd74850000 - 0x00007ffd748d0000 	C:\Windows\System32\bcryptPrimitives.dll
0x00007ffd77630000 - 0x00007ffd7765e000 	C:\Windows\System32\IMM32.DLL
0x00007ffd741e0000 - 0x00007ffd74216000 	C:\Windows\system32\DriverStore\FileRepository\nvaci.inf_amd64_f658c3ebd2a88192\nvinitx.dll
0x00007ffd741d0000 - 0x00007ffd741da000 	C:\Windows\SYSTEM32\VERSION.dll
0x00007ffd76dd0000 - 0x00007ffd774b6000 	C:\Windows\System32\Shell32.dll
0x00007ffd748d0000 - 0x00007ffd7491a000 	C:\Windows\System32\cfgmgr32.dll
0x00007ffd75db0000 - 0x00007ffd75e59000 	C:\Windows\System32\shcore.dll
0x00007ffd75030000 - 0x00007ffd757b0000 	C:\Windows\System32\windows.storage.dll
0x00007ffd745d0000 - 0x00007ffd745f3000 	C:\Windows\System32\profapi.dll
0x00007ffd74640000 - 0x00007ffd7468a000 	C:\Windows\System32\powrprof.dll
0x00007ffd745c0000 - 0x00007ffd745d0000 	C:\Windows\System32\UMPDC.dll
0x00007ffd75d50000 - 0x00007ffd75da2000 	C:\Windows\System32\shlwapi.dll
0x00007ffd74600000 - 0x00007ffd74611000 	C:\Windows\System32\kernel.appcore.dll
0x00007ffd74690000 - 0x00007ffd746a7000 	C:\Windows\System32\cryptsp.dll
0x000000005ea80000 - 0x000000005ea86000 	C:\Program Files\NVIDIA Corporation\CoProcManager\_etoured.dll
0x00007ffd6d170000 - 0x00007ffd6d1b3000 	C:\Program Files\NVIDIA Corporation\CoProcManager\nvd3d9wrapx.dll
0x00007ffd761b0000 - 0x00007ffd76620000 	C:\Windows\System32\SETUPAPI.dll
0x00007ffd74950000 - 0x00007ffd74976000 	C:\Windows\System32\bcrypt.dll
0x00007ffd731e0000 - 0x00007ffd73200000 	C:\Windows\SYSTEM32\dxcore.dll
0x00007ffd6d470000 - 0x00007ffd6d49d000 	C:\Program Files\NVIDIA Corporation\CoProcManager\nvdxgiwrapx.dll
0x000000005d220000 - 0x000000005d2f2000 	C:\Program Files\Android\Android Studio\jre\jre\bin\msvcr100.dll
0x000000005d300000 - 0x000000005db4b000 	C:\Program Files\Android\Android Studio\jre\jre\bin\server\jvm.dll
0x00007ffd76cf0000 - 0x00007ffd76cf8000 	C:\Windows\System32\PSAPI.DLL
0x00007ffd658d0000 - 0x00007ffd658f4000 	C:\Windows\SYSTEM32\WINMM.dll
0x00007ffd658a0000 - 0x00007ffd658cd000 	C:\Windows\SYSTEM32\winmmbase.dll
0x00007ffd70660000 - 0x00007ffd70669000 	C:\Windows\SYSTEM32\WSOCK32.dll
0x00007ffd76d00000 - 0x00007ffd76d6f000 	C:\Windows\System32\WS2_32.dll
0x00007ffd6f7b0000 - 0x00007ffd6f7bf000 	C:\Program Files\Android\Android Studio\jre\jre\bin\verify.dll
0x00007ffd69060000 - 0x00007ffd69089000 	C:\Program Files\Android\Android Studio\jre\jre\bin\java.dll
0x00007ffd69040000 - 0x00007ffd69056000 	C:\Program Files\Android\Android Studio\jre\jre\bin\zip.dll
0x00007ffd68fe0000 - 0x00007ffd68ffa000 	C:\Program Files\Android\Android Studio\jre\jre\bin\net.dll
0x00007ffd73d80000 - 0x00007ffd73de7000 	C:\Windows\system32\mswsock.dll
0x00007ffd68fc0000 - 0x00007ffd68fd3000 	C:\Program Files\Android\Android Studio\jre\jre\bin\nio.dll
0x00007ffd5fb30000 - 0x00007ffd5fb56000 	C:\Users\borja\.gradle\native\31\windows-amd64\native-platform.dll
0x00007ffd6eee0000 - 0x00007ffd6eeed000 	C:\Program Files\Android\Android Studio\jre\jre\bin\management.dll
0x00007ffd738f0000 - 0x00007ffd73923000 	C:\Windows\system32\rsaenh.dll
0x00007ffd744e0000 - 0x00007ffd74505000 	C:\Windows\SYSTEM32\USERENV.dll
0x00007ffd73f50000 - 0x00007ffd73f5c000 	C:\Windows\SYSTEM32\CRYPTBASE.dll
0x00007ffd73a90000 - 0x00007ffd73aca000 	C:\Windows\SYSTEM32\IPHLPAPI.DLL
0x00007ffd767d0000 - 0x00007ffd767d8000 	C:\Windows\System32\NSI.dll
0x00007ffd6deb0000 - 0x00007ffd6dec6000 	C:\Windows\SYSTEM32\dhcpcsvc6.DLL
0x00007ffd6e690000 - 0x00007ffd6e6ac000 	C:\Windows\SYSTEM32\dhcpcsvc.DLL
0x00007ffd73ad0000 - 0x00007ffd73b9b000 	C:\Windows\SYSTEM32\DNSAPI.dll
0x00007ffd60d40000 - 0x00007ffd60d64000 	C:\Program Files\Android\Android Studio\jre\jre\bin\sunec.dll
0x00007ffd6c9e0000 - 0x00007ffd6c9ea000 	C:\Windows\System32\rasadhlp.dll
0x00007ffd6dd30000 - 0x00007ffd6dda7000 	C:\Windows\System32\fwpuclnt.dll
0x00007ffd6b110000 - 0x00007ffd6b11b000 	C:\Program Files\Android\Android Studio\jre\jre\bin\sunmscapi.dll
0x00007ffd74ce0000 - 0x00007ffd74e29000 	C:\Windows\System32\CRYPT32.dll
0x00007ffd74620000 - 0x00007ffd74632000 	C:\Windows\System32\MSASN1.dll
0x00007ffd735d0000 - 0x00007ffd73601000 	C:\Windows\SYSTEM32\ntmarta.dll
0x00007ffd72740000 - 0x00007ffd727cf000 	C:\Windows\system32\apphelp.dll
0x00007ffd4f930000 - 0x00007ffd4f94e000 	C:\Users\borja\AppData\Local\Temp\native-platform3101161765476210466dir\native-platform.dll
0x00007ffd6e220000 - 0x00007ffd6e414000 	C:\Windows\SYSTEM32\dbghelp.dll

VM Arguments:
jvm_args: -Xmx2048m -Dfile.encoding=windows-1252 -Duser.country=ES -Duser.language=es -Duser.variant 
java_command: org.gradle.launcher.daemon.bootstrap.GradleDaemon 6.1.1
java_class_path (initial): C:\Users\borja\.gradle\wrapper\dists\gradle-6.1.1-all\cfmwm155h49vnt3hynmlrsdst\gradle-6.1.1\lib\gradle-launcher-6.1.1.jar
Launcher Type: SUN_STANDARD

Environment Variables:
PATH=C:\Windows\system32;C:\Windows;C:\Windows\System32\Wbem;C:\Windows\System32\WindowsPowerShell\v1.0\;C:\Windows\System32\OpenSSH\;C:\Program Files (x86)\NVIDIA Corporation\PhysX\Common;C:\Program Files\Git\cmd;C:\Users\borja\AppData\Local\Microsoft\WindowsApps;
USERNAME=borja
OS=Windows_NT
PROCESSOR_IDENTIFIER=Intel64 Family 6 Model 42 Stepping 7, GenuineIntel



---------------  S Y S T E M  ---------------

OS: Windows 10.0 , 64 bit Build 18362 (10.0.18362.900)

CPU:total 4 (initial active 4) (2 cores per cpu, 2 threads per core) family 6 model 42 stepping 7, cmov, cx8, fxsr, mmx, sse, sse2, sse3, ssse3, sse4.1, sse4.2, popcnt, avx, aes, clmul, ht, tsc, tscinvbit

Memory: 4k page, physical 4042604k(308876k free), swap 8891716k(1310540k free)

vm_info: OpenJDK 64-Bit Server VM (25.242-b01) for windows-amd64 JRE (1.8.0_242-release-1644-b01), built by "builder" with MS VC++ 10.0 (VS2010)

time: Thu Jun 11 14:08:55 2020
timezone: Hora de verano romance
elapsed time: 13393 seconds (0d 3h 43m 13s)

